2016-03-17 18:24:37,882 [INFO] from play.core.server.NettyServer in pool-4-thread-5 - Listening for HTTP on /0:0:0:0:0:0:0:0:8084
2016-03-17 18:24:59,430 [INFO] from application in ForkJoinPool-1-worker-1 - Creating Pool for datasource 'default'
2016-03-17 18:24:59,742 [INFO] from play.api.db.DefaultDBApi in ForkJoinPool-1-worker-1 - Database [default] connected at jdbc:mysql://localhost:3306/temp
2016-03-17 18:24:59,811 [INFO] from application in ForkJoinPool-1-worker-1 - ApplicationTimer demo: Starting application at 2016-03-17T12:54:59.762Z.
2016-03-17 18:25:00,229 [INFO] from play.api.Play in ForkJoinPool-1-worker-1 - Application started (Dev)
2016-03-17 18:25:01,308 [DEBUG] from application in application-akka.actor.default-dispatcher-4 - No registration exists with email ram.sathe@gmail.com
2016-03-17 18:31:09,686 [INFO] from application in application-akka.actor.default-dispatcher-6 - ApplicationTimer demo: Stopping application at 2016-03-17T13:01:09.686Z after 370s.
2016-03-17 18:31:09,689 [INFO] from application in application-akka.actor.default-dispatcher-6 - Shutting down connection pool.
2016-03-17 18:31:09,837 [INFO] from application in application-akka.actor.default-dispatcher-6 - Creating Pool for datasource 'default'
2016-03-17 18:31:09,853 [INFO] from play.api.db.DefaultDBApi in application-akka.actor.default-dispatcher-6 - Database [default] connected at jdbc:mysql://localhost:3306/temp
2016-03-17 18:31:09,867 [INFO] from application in application-akka.actor.default-dispatcher-6 - ApplicationTimer demo: Starting application at 2016-03-17T13:01:09.866Z.
2016-03-17 18:31:10,030 [INFO] from play.api.Play in application-akka.actor.default-dispatcher-6 - Application started (Dev)
2016-03-17 18:31:10,074 [DEBUG] from application in application-akka.actor.default-dispatcher-6 - No registration exists with email ram.sathe@gmail.com
2016-03-17 18:31:56,331 [INFO] from application in application-akka.actor.default-dispatcher-2 - ApplicationTimer demo: Stopping application at 2016-03-17T13:01:56.331Z after 47s.
2016-03-17 18:31:56,332 [INFO] from application in application-akka.actor.default-dispatcher-2 - Shutting down connection pool.
2016-03-17 18:31:56,457 [INFO] from application in application-akka.actor.default-dispatcher-2 - Creating Pool for datasource 'default'
2016-03-17 18:31:56,475 [INFO] from play.api.db.DefaultDBApi in application-akka.actor.default-dispatcher-2 - Database [default] connected at jdbc:mysql://localhost:3306/temp
2016-03-17 18:31:56,478 [INFO] from application in application-akka.actor.default-dispatcher-2 - ApplicationTimer demo: Starting application at 2016-03-17T13:01:56.477Z.
2016-03-17 18:31:56,621 [INFO] from play.api.Play in application-akka.actor.default-dispatcher-2 - Application started (Dev)
2016-03-17 18:31:56,649 [DEBUG] from application in application-akka.actor.default-dispatcher-2 - No registration exists with email ram.sathe@gmail.com
2016-03-17 18:32:35,565 [INFO] from application in application-akka.actor.default-dispatcher-6 - ApplicationTimer demo: Stopping application at 2016-03-17T13:02:35.564Z after 39s.
2016-03-17 18:32:35,565 [INFO] from application in application-akka.actor.default-dispatcher-6 - Shutting down connection pool.
2016-03-17 18:32:35,705 [INFO] from application in application-akka.actor.default-dispatcher-6 - Creating Pool for datasource 'default'
2016-03-17 18:32:35,729 [INFO] from play.api.db.DefaultDBApi in application-akka.actor.default-dispatcher-6 - Database [default] connected at jdbc:mysql://localhost:3306/temp
2016-03-17 18:32:35,745 [INFO] from application in application-akka.actor.default-dispatcher-6 - ApplicationTimer demo: Starting application at 2016-03-17T13:02:35.744Z.
2016-03-17 18:32:35,865 [INFO] from play.api.Play in application-akka.actor.default-dispatcher-6 - Application started (Dev)
2016-03-17 18:33:23,578 [INFO] from application in application-akka.actor.default-dispatcher-3 - ApplicationTimer demo: Stopping application at 2016-03-17T13:03:23.578Z after 48s.
2016-03-17 18:33:23,578 [INFO] from application in application-akka.actor.default-dispatcher-3 - Shutting down connection pool.
2016-03-17 18:33:23,693 [INFO] from application in application-akka.actor.default-dispatcher-3 - Creating Pool for datasource 'default'
2016-03-17 18:33:23,706 [INFO] from play.api.db.DefaultDBApi in application-akka.actor.default-dispatcher-3 - Database [default] connected at jdbc:mysql://localhost:3306/temp
2016-03-17 18:33:23,723 [INFO] from application in application-akka.actor.default-dispatcher-3 - ApplicationTimer demo: Starting application at 2016-03-17T13:03:23.722Z.
2016-03-17 18:33:23,840 [INFO] from play.api.Play in application-akka.actor.default-dispatcher-3 - Application started (Dev)
2016-03-17 18:33:23,880 [DEBUG] from application in application-akka.actor.default-dispatcher-6 - No registration exists with email ram.sathe@gmail.com
2016-03-17 18:34:10,049 [INFO] from application in application-akka.actor.default-dispatcher-2 - ApplicationTimer demo: Stopping application at 2016-03-17T13:04:10.049Z after 47s.
2016-03-17 18:34:10,051 [INFO] from application in application-akka.actor.default-dispatcher-2 - Shutting down connection pool.
2016-03-17 18:34:10,181 [INFO] from application in application-akka.actor.default-dispatcher-2 - Creating Pool for datasource 'default'
2016-03-17 18:34:10,193 [INFO] from play.api.db.DefaultDBApi in application-akka.actor.default-dispatcher-2 - Database [default] connected at jdbc:mysql://localhost:3306/temp
2016-03-17 18:34:10,195 [INFO] from application in application-akka.actor.default-dispatcher-2 - ApplicationTimer demo: Starting application at 2016-03-17T13:04:10.194Z.
2016-03-17 18:34:10,333 [INFO] from play.api.Play in application-akka.actor.default-dispatcher-2 - Application started (Dev)
2016-03-17 18:34:10,369 [DEBUG] from application in application-akka.actor.default-dispatcher-2 - No registration exists with email ram.sathe@gmail.com
2016-03-17 18:34:27,289 [DEBUG] from application in application-akka.actor.default-dispatcher-3 - No registration exists with email shraddha.jog@synerzip.com
